<?xml version="1.0" encoding="UTF-8"?>
<!-- Generated by org.testng.reporters.JUnitXMLReporter -->
<testsuite ignored="0" hostname="DESKTOP-BPSCNG9" failures="0" tests="27" name="MoviePageTest" time="74.723" errors="0" timestamp="2023-11-30T11:56:37 IST">
  <testcase classname="HeaderSectionTest" name="wibsiteLogo" time="0.53"/>
  <testcase classname="HomePageTest" name="movieHeadingText" time="1.977"/>
  <testcase classname="AccountPageTest" name="accountPage" time="2.974"/>
  <testcase classname="LoginPageTest" name="logoIsDisplayed" time="0.229"/>
  <testcase classname="MovieDetailsPageTest" name="homePageClick" time="3.443"/>
  <testcase classname="PopularPageTest" name="popularMoviesPage" time="7.149"/>
  <testcase classname="HomePageTest" name="playButton" time="0.479"/>
  <testcase classname="AccountPageTest" name="logoutFunctionality" time="1.465"/>
  <testcase classname="LoginPageTest" name="loginText" time="0.218"/>
  <testcase classname="HeaderSectionTest" name="navBarHome" time="0.195"/>
  <testcase classname="SearchPageTest" name="SearchFunctionality" time="21.172"/>
  <testcase classname="HomePageTest" name="movieSection" time="0.126"/>
  <testcase classname="LoginPageTest" name="usernameText" time="0.082"/>
  <testcase classname="MovieDetailsPageTest" name="popularPageClick" time="6.332"/>
  <testcase classname="LoginPageTest" name="passwordText" time="1.249"/>
  <testcase classname="HeaderSectionTest" name="navBarPopular" time="0.789"/>
  <testcase classname="HomePageTest" name="contectSection" time="0.034"/>
  <testcase classname="LoginPageTest" name="buttonText" time="1.206"/>
  <testcase classname="HeaderSectionTest" name="homeSection" time="0.731"/>
  <testcase classname="LoginPageTest" name="emptyInputField" time="0.967"/>
  <testcase classname="HeaderSectionTest" name="PopularSection" time="0.692"/>
  <testcase classname="LoginPageTest" name="emptyUsername" time="0.891"/>
  <testcase classname="HeaderSectionTest" name="accountSection" time="0.785"/>
  <testcase classname="LoginPageTest" name="emptyPassword" time="0.749"/>
  <testcase classname="LoginPageTest" name="invalidCredentials1" time="0.8"/>
  <testcase classname="LoginPageTest" name="invalidCredentials2" time="0.891"/>
  <testcase classname="LoginPageTest" name="validCredential" time="0.827"/>
</testsuite> <!-- MoviePageTest -->
