<?xml version="1.0" encoding="UTF-8"?>
<testng-results ignored="0" total="27" passed="27" failed="0" skipped="0">
  <reporter-output>
  </reporter-output>
  <suite started-at="2023-11-30T11:55:22 IST" name="MovieAppTestSuite" finished-at="2023-11-30T11:56:37 IST" duration-ms="74723">
    <groups>
    </groups>
    <test started-at="2023-11-30T11:55:22 IST" name="MoviePageTest" finished-at="2023-11-30T11:56:37 IST" duration-ms="74723">
      <class name="SearchPageTest">
        <test-method is-config="true" signature="setUp()[pri:0, instance:SearchPageTest@49912c99]" started-at="2023-11-30T11:55:23 IST" name="setUp" finished-at="2023-11-30T11:55:41 IST" duration-ms="18420" status="PASS">
          <reporter-output>
          </reporter-output>
        </test-method> <!-- setUp -->
        <test-method signature="SearchFunctionality()[pri:1, instance:SearchPageTest@49912c99]" started-at="2023-11-30T11:55:41 IST" name="SearchFunctionality" finished-at="2023-11-30T11:56:02 IST" duration-ms="21172" status="PASS">
          <reporter-output>
          </reporter-output>
        </test-method> <!-- SearchFunctionality -->
        <test-method is-config="true" signature="tearDown()[pri:0, instance:SearchPageTest@49912c99]" started-at="2023-11-30T11:56:02 IST" name="tearDown" finished-at="2023-11-30T11:56:02 IST" duration-ms="0" status="PASS">
          <reporter-output>
          </reporter-output>
        </test-method> <!-- tearDown -->
      </class> <!-- SearchPageTest -->
      <class name="MovieDetailsPageTest">
        <test-method is-config="true" signature="setUp()[pri:0, instance:MovieDetailsPageTest@10163d6]" started-at="2023-11-30T11:55:23 IST" name="setUp" finished-at="2023-11-30T11:55:42 IST" duration-ms="19658" status="PASS">
          <reporter-output>
          </reporter-output>
        </test-method> <!-- setUp -->
        <test-method signature="homePageClick()[pri:1, instance:MovieDetailsPageTest@10163d6]" started-at="2023-11-30T11:55:42 IST" name="homePageClick" finished-at="2023-11-30T11:55:46 IST" duration-ms="3443" status="PASS">
          <reporter-output>
          </reporter-output>
        </test-method> <!-- homePageClick -->
        <test-method is-config="true" signature="tearDown()[pri:0, instance:MovieDetailsPageTest@10163d6]" started-at="2023-11-30T11:55:46 IST" name="tearDown" finished-at="2023-11-30T11:55:48 IST" duration-ms="1947" status="PASS">
          <reporter-output>
          </reporter-output>
        </test-method> <!-- tearDown -->
        <test-method is-config="true" signature="setUp()[pri:0, instance:MovieDetailsPageTest@10163d6]" started-at="2023-11-30T11:55:48 IST" name="setUp" finished-at="2023-11-30T11:55:58 IST" duration-ms="10711" status="PASS">
          <reporter-output>
          </reporter-output>
        </test-method> <!-- setUp -->
        <test-method signature="popularPageClick()[pri:2, instance:MovieDetailsPageTest@10163d6]" started-at="2023-11-30T11:55:58 IST" name="popularPageClick" finished-at="2023-11-30T11:56:05 IST" duration-ms="6332" status="PASS">
          <reporter-output>
          </reporter-output>
        </test-method> <!-- popularPageClick -->
        <test-method is-config="true" signature="tearDown()[pri:0, instance:MovieDetailsPageTest@10163d6]" started-at="2023-11-30T11:56:05 IST" name="tearDown" finished-at="2023-11-30T11:56:05 IST" duration-ms="3" status="PASS">
          <reporter-output>
          </reporter-output>
        </test-method> <!-- tearDown -->
      </class> <!-- MovieDetailsPageTest -->
      <class name="LoginPageTest">
        <test-method is-config="true" signature="setUp()[pri:0, instance:LoginPageTest@29647f75]" started-at="2023-11-30T11:55:23 IST" name="setUp" finished-at="2023-11-30T11:55:45 IST" duration-ms="22348" status="PASS">
          <reporter-output>
          </reporter-output>
        </test-method> <!-- setUp -->
        <test-method signature="logoIsDisplayed()[pri:1, instance:LoginPageTest@29647f75]" started-at="2023-11-30T11:55:45 IST" name="logoIsDisplayed" finished-at="2023-11-30T11:55:45 IST" duration-ms="229" status="PASS">
          <reporter-output>
          </reporter-output>
        </test-method> <!-- logoIsDisplayed -->
        <test-method is-config="true" signature="tearDown()[pri:0, instance:LoginPageTest@29647f75]" started-at="2023-11-30T11:55:45 IST" name="tearDown" finished-at="2023-11-30T11:55:48 IST" duration-ms="2303" status="PASS">
          <reporter-output>
          </reporter-output>
        </test-method> <!-- tearDown -->
        <test-method is-config="true" signature="setUp()[pri:0, instance:LoginPageTest@29647f75]" started-at="2023-11-30T11:55:48 IST" name="setUp" finished-at="2023-11-30T11:55:57 IST" duration-ms="9702" status="PASS">
          <reporter-output>
          </reporter-output>
        </test-method> <!-- setUp -->
        <test-method signature="loginText()[pri:2, instance:LoginPageTest@29647f75]" started-at="2023-11-30T11:55:57 IST" name="loginText" finished-at="2023-11-30T11:55:57 IST" duration-ms="218" status="PASS">
          <reporter-output>
          </reporter-output>
        </test-method> <!-- loginText -->
        <test-method is-config="true" signature="tearDown()[pri:0, instance:LoginPageTest@29647f75]" started-at="2023-11-30T11:55:57 IST" name="tearDown" finished-at="2023-11-30T11:55:59 IST" duration-ms="1763" status="PASS">
          <reporter-output>
          </reporter-output>
        </test-method> <!-- tearDown -->
        <test-method is-config="true" signature="setUp()[pri:0, instance:LoginPageTest@29647f75]" started-at="2023-11-30T11:55:59 IST" name="setUp" finished-at="2023-11-30T11:56:03 IST" duration-ms="3476" status="PASS">
          <reporter-output>
          </reporter-output>
        </test-method> <!-- setUp -->
        <test-method signature="usernameText()[pri:3, instance:LoginPageTest@29647f75]" started-at="2023-11-30T11:56:03 IST" name="usernameText" finished-at="2023-11-30T11:56:03 IST" duration-ms="82" status="PASS">
          <reporter-output>
          </reporter-output>
        </test-method> <!-- usernameText -->
        <test-method is-config="true" signature="tearDown()[pri:0, instance:LoginPageTest@29647f75]" started-at="2023-11-30T11:56:03 IST" name="tearDown" finished-at="2023-11-30T11:56:04 IST" duration-ms="887" status="PASS">
          <reporter-output>
          </reporter-output>
        </test-method> <!-- tearDown -->
        <test-method is-config="true" signature="setUp()[pri:0, instance:LoginPageTest@29647f75]" started-at="2023-11-30T11:56:04 IST" name="setUp" finished-at="2023-11-30T11:56:06 IST" duration-ms="2537" status="PASS">
          <reporter-output>
          </reporter-output>
        </test-method> <!-- setUp -->
        <test-method signature="passwordText()[pri:4, instance:LoginPageTest@29647f75]" started-at="2023-11-30T11:56:06 IST" name="passwordText" finished-at="2023-11-30T11:56:07 IST" duration-ms="1249" status="PASS">
          <reporter-output>
          </reporter-output>
        </test-method> <!-- passwordText -->
        <test-method is-config="true" signature="tearDown()[pri:0, instance:LoginPageTest@29647f75]" started-at="2023-11-30T11:56:07 IST" name="tearDown" finished-at="2023-11-30T11:56:09 IST" duration-ms="1040" status="PASS">
          <reporter-output>
          </reporter-output>
        </test-method> <!-- tearDown -->
        <test-method is-config="true" signature="setUp()[pri:0, instance:LoginPageTest@29647f75]" started-at="2023-11-30T11:56:09 IST" name="setUp" finished-at="2023-11-30T11:56:11 IST" duration-ms="2163" status="PASS">
          <reporter-output>
          </reporter-output>
        </test-method> <!-- setUp -->
        <test-method signature="buttonText()[pri:5, instance:LoginPageTest@29647f75]" started-at="2023-11-30T11:56:11 IST" name="buttonText" finished-at="2023-11-30T11:56:12 IST" duration-ms="1206" status="PASS">
          <reporter-output>
          </reporter-output>
        </test-method> <!-- buttonText -->
        <test-method is-config="true" signature="tearDown()[pri:0, instance:LoginPageTest@29647f75]" started-at="2023-11-30T11:56:12 IST" name="tearDown" finished-at="2023-11-30T11:56:13 IST" duration-ms="976" status="PASS">
          <reporter-output>
          </reporter-output>
        </test-method> <!-- tearDown -->
        <test-method is-config="true" signature="setUp()[pri:0, instance:LoginPageTest@29647f75]" started-at="2023-11-30T11:56:13 IST" name="setUp" finished-at="2023-11-30T11:56:16 IST" duration-ms="2978" status="PASS">
          <reporter-output>
          </reporter-output>
        </test-method> <!-- setUp -->
        <test-method signature="emptyInputField()[pri:6, instance:LoginPageTest@29647f75]" started-at="2023-11-30T11:56:16 IST" name="emptyInputField" finished-at="2023-11-30T11:56:17 IST" duration-ms="967" status="PASS">
          <reporter-output>
          </reporter-output>
        </test-method> <!-- emptyInputField -->
        <test-method is-config="true" signature="tearDown()[pri:0, instance:LoginPageTest@29647f75]" started-at="2023-11-30T11:56:17 IST" name="tearDown" finished-at="2023-11-30T11:56:18 IST" duration-ms="744" status="PASS">
          <reporter-output>
          </reporter-output>
        </test-method> <!-- tearDown -->
        <test-method is-config="true" signature="setUp()[pri:0, instance:LoginPageTest@29647f75]" started-at="2023-11-30T11:56:18 IST" name="setUp" finished-at="2023-11-30T11:56:20 IST" duration-ms="2475" status="PASS">
          <reporter-output>
          </reporter-output>
        </test-method> <!-- setUp -->
        <test-method signature="emptyUsername()[pri:7, instance:LoginPageTest@29647f75]" started-at="2023-11-30T11:56:20 IST" name="emptyUsername" finished-at="2023-11-30T11:56:21 IST" duration-ms="891" status="PASS">
          <reporter-output>
          </reporter-output>
        </test-method> <!-- emptyUsername -->
        <test-method is-config="true" signature="tearDown()[pri:0, instance:LoginPageTest@29647f75]" started-at="2023-11-30T11:56:21 IST" name="tearDown" finished-at="2023-11-30T11:56:22 IST" duration-ms="714" status="PASS">
          <reporter-output>
          </reporter-output>
        </test-method> <!-- tearDown -->
        <test-method is-config="true" signature="setUp()[pri:0, instance:LoginPageTest@29647f75]" started-at="2023-11-30T11:56:22 IST" name="setUp" finished-at="2023-11-30T11:56:25 IST" duration-ms="2988" status="PASS">
          <reporter-output>
          </reporter-output>
        </test-method> <!-- setUp -->
        <test-method signature="emptyPassword()[pri:8, instance:LoginPageTest@29647f75]" started-at="2023-11-30T11:56:25 IST" name="emptyPassword" finished-at="2023-11-30T11:56:25 IST" duration-ms="749" status="PASS">
          <reporter-output>
          </reporter-output>
        </test-method> <!-- emptyPassword -->
        <test-method is-config="true" signature="tearDown()[pri:0, instance:LoginPageTest@29647f75]" started-at="2023-11-30T11:56:25 IST" name="tearDown" finished-at="2023-11-30T11:56:26 IST" duration-ms="683" status="PASS">
          <reporter-output>
          </reporter-output>
        </test-method> <!-- tearDown -->
        <test-method is-config="true" signature="setUp()[pri:0, instance:LoginPageTest@29647f75]" started-at="2023-11-30T11:56:26 IST" name="setUp" finished-at="2023-11-30T11:56:28 IST" duration-ms="2202" status="PASS">
          <reporter-output>
          </reporter-output>
        </test-method> <!-- setUp -->
        <test-method signature="invalidCredentials1()[pri:9, instance:LoginPageTest@29647f75]" started-at="2023-11-30T11:56:28 IST" name="invalidCredentials1" finished-at="2023-11-30T11:56:29 IST" duration-ms="800" status="PASS">
          <reporter-output>
          </reporter-output>
        </test-method> <!-- invalidCredentials1 -->
        <test-method is-config="true" signature="tearDown()[pri:0, instance:LoginPageTest@29647f75]" started-at="2023-11-30T11:56:29 IST" name="tearDown" finished-at="2023-11-30T11:56:30 IST" duration-ms="685" status="PASS">
          <reporter-output>
          </reporter-output>
        </test-method> <!-- tearDown -->
        <test-method is-config="true" signature="setUp()[pri:0, instance:LoginPageTest@29647f75]" started-at="2023-11-30T11:56:30 IST" name="setUp" finished-at="2023-11-30T11:56:32 IST" duration-ms="2125" status="PASS">
          <reporter-output>
          </reporter-output>
        </test-method> <!-- setUp -->
        <test-method signature="invalidCredentials2()[pri:10, instance:LoginPageTest@29647f75]" started-at="2023-11-30T11:56:32 IST" name="invalidCredentials2" finished-at="2023-11-30T11:56:33 IST" duration-ms="891" status="PASS">
          <reporter-output>
          </reporter-output>
        </test-method> <!-- invalidCredentials2 -->
        <test-method is-config="true" signature="tearDown()[pri:0, instance:LoginPageTest@29647f75]" started-at="2023-11-30T11:56:33 IST" name="tearDown" finished-at="2023-11-30T11:56:34 IST" duration-ms="773" status="PASS">
          <reporter-output>
          </reporter-output>
        </test-method> <!-- tearDown -->
        <test-method is-config="true" signature="setUp()[pri:0, instance:LoginPageTest@29647f75]" started-at="2023-11-30T11:56:34 IST" name="setUp" finished-at="2023-11-30T11:56:36 IST" duration-ms="2102" status="PASS">
          <reporter-output>
          </reporter-output>
        </test-method> <!-- setUp -->
        <test-method signature="validCredential()[pri:11, instance:LoginPageTest@29647f75]" started-at="2023-11-30T11:56:36 IST" name="validCredential" finished-at="2023-11-30T11:56:36 IST" duration-ms="827" status="PASS">
          <reporter-output>
          </reporter-output>
        </test-method> <!-- validCredential -->
        <test-method is-config="true" signature="tearDown()[pri:0, instance:LoginPageTest@29647f75]" started-at="2023-11-30T11:56:36 IST" name="tearDown" finished-at="2023-11-30T11:56:37 IST" duration-ms="684" status="PASS">
          <reporter-output>
          </reporter-output>
        </test-method> <!-- tearDown -->
      </class> <!-- LoginPageTest -->
      <class name="AccountPageTest">
        <test-method is-config="true" signature="setUp()[pri:0, instance:AccountPageTest@2dde1bff]" started-at="2023-11-30T11:55:23 IST" name="setUp" finished-at="2023-11-30T11:55:42 IST" duration-ms="19320" status="PASS">
          <reporter-output>
          </reporter-output>
        </test-method> <!-- setUp -->
        <test-method signature="accountPage()[pri:1, instance:AccountPageTest@2dde1bff]" started-at="2023-11-30T11:55:42 IST" name="accountPage" finished-at="2023-11-30T11:55:45 IST" duration-ms="2974" status="PASS">
          <reporter-output>
          </reporter-output>
        </test-method> <!-- accountPage -->
        <test-method is-config="true" signature="tearDown()[pri:0, instance:AccountPageTest@2dde1bff]" started-at="2023-11-30T11:55:45 IST" name="tearDown" finished-at="2023-11-30T11:55:47 IST" duration-ms="2252" status="PASS">
          <reporter-output>
          </reporter-output>
        </test-method> <!-- tearDown -->
        <test-method is-config="true" signature="setUp()[pri:0, instance:AccountPageTest@2dde1bff]" started-at="2023-11-30T11:55:47 IST" name="setUp" finished-at="2023-11-30T11:55:55 IST" duration-ms="7700" status="PASS">
          <reporter-output>
          </reporter-output>
        </test-method> <!-- setUp -->
        <test-method signature="logoutFunctionality()[pri:2, instance:AccountPageTest@2dde1bff]" started-at="2023-11-30T11:55:55 IST" name="logoutFunctionality" finished-at="2023-11-30T11:55:56 IST" duration-ms="1465" status="PASS">
          <reporter-output>
          </reporter-output>
        </test-method> <!-- logoutFunctionality -->
        <test-method is-config="true" signature="tearDown()[pri:0, instance:AccountPageTest@2dde1bff]" started-at="2023-11-30T11:55:56 IST" name="tearDown" finished-at="2023-11-30T11:56:01 IST" duration-ms="4617" status="PASS">
          <reporter-output>
          </reporter-output>
        </test-method> <!-- tearDown -->
      </class> <!-- AccountPageTest -->
      <class name="PopularPageTest">
        <test-method is-config="true" signature="setUp()[pri:0, instance:PopularPageTest@22e357dc]" started-at="2023-11-30T11:55:23 IST" name="setUp" finished-at="2023-11-30T11:55:40 IST" duration-ms="17790" status="PASS">
          <reporter-output>
          </reporter-output>
        </test-method> <!-- setUp -->
        <test-method signature="popularMoviesPage()[pri:1, instance:PopularPageTest@22e357dc]" started-at="2023-11-30T11:55:40 IST" name="popularMoviesPage" finished-at="2023-11-30T11:55:48 IST" duration-ms="7149" status="PASS">
          <reporter-output>
          </reporter-output>
        </test-method> <!-- popularMoviesPage -->
        <test-method is-config="true" signature="tearDown()[pri:0, instance:PopularPageTest@22e357dc]" started-at="2023-11-30T11:55:48 IST" name="tearDown" finished-at="2023-11-30T11:55:48 IST" duration-ms="0" status="PASS">
          <reporter-output>
          </reporter-output>
        </test-method> <!-- tearDown -->
      </class> <!-- PopularPageTest -->
      <class name="HomePageTest">
        <test-method is-config="true" signature="setUp()[pri:0, instance:HomePageTest@306f16f3]" started-at="2023-11-30T11:55:23 IST" name="setUp" finished-at="2023-11-30T11:55:42 IST" duration-ms="19821" status="PASS">
          <reporter-output>
          </reporter-output>
        </test-method> <!-- setUp -->
        <test-method signature="movieHeadingText()[pri:1, instance:HomePageTest@306f16f3]" started-at="2023-11-30T11:55:42 IST" name="movieHeadingText" finished-at="2023-11-30T11:55:44 IST" duration-ms="1977" status="PASS">
          <reporter-output>
          </reporter-output>
        </test-method> <!-- movieHeadingText -->
        <test-method is-config="true" signature="tearDown()[pri:0, instance:HomePageTest@306f16f3]" started-at="2023-11-30T11:55:44 IST" name="tearDown" finished-at="2023-11-30T11:55:47 IST" duration-ms="2228" status="PASS">
          <reporter-output>
          </reporter-output>
        </test-method> <!-- tearDown -->
        <test-method is-config="true" signature="setUp()[pri:0, instance:HomePageTest@306f16f3]" started-at="2023-11-30T11:55:47 IST" name="setUp" finished-at="2023-11-30T11:55:54 IST" duration-ms="6890" status="PASS">
          <reporter-output>
          </reporter-output>
        </test-method> <!-- setUp -->
        <test-method signature="playButton()[pri:2, instance:HomePageTest@306f16f3]" started-at="2023-11-30T11:55:54 IST" name="playButton" finished-at="2023-11-30T11:55:54 IST" duration-ms="479" status="PASS">
          <reporter-output>
          </reporter-output>
        </test-method> <!-- playButton -->
        <test-method is-config="true" signature="tearDown()[pri:0, instance:HomePageTest@306f16f3]" started-at="2023-11-30T11:55:54 IST" name="tearDown" finished-at="2023-11-30T11:55:57 IST" duration-ms="3165" status="PASS">
          <reporter-output>
          </reporter-output>
        </test-method> <!-- tearDown -->
        <test-method is-config="true" signature="setUp()[pri:0, instance:HomePageTest@306f16f3]" started-at="2023-11-30T11:55:57 IST" name="setUp" finished-at="2023-11-30T11:56:02 IST" duration-ms="5169" status="PASS">
          <reporter-output>
          </reporter-output>
        </test-method> <!-- setUp -->
        <test-method signature="movieSection()[pri:3, instance:HomePageTest@306f16f3]" started-at="2023-11-30T11:56:02 IST" name="movieSection" finished-at="2023-11-30T11:56:03 IST" duration-ms="126" status="PASS">
          <reporter-output>
          </reporter-output>
        </test-method> <!-- movieSection -->
        <test-method is-config="true" signature="tearDown()[pri:0, instance:HomePageTest@306f16f3]" started-at="2023-11-30T11:56:03 IST" name="tearDown" finished-at="2023-11-30T11:56:04 IST" duration-ms="1001" status="PASS">
          <reporter-output>
          </reporter-output>
        </test-method> <!-- tearDown -->
        <test-method is-config="true" signature="setUp()[pri:0, instance:HomePageTest@306f16f3]" started-at="2023-11-30T11:56:04 IST" name="setUp" finished-at="2023-11-30T11:56:08 IST" duration-ms="4445" status="PASS">
          <reporter-output>
          </reporter-output>
        </test-method> <!-- setUp -->
        <test-method signature="contectSection()[pri:4, instance:HomePageTest@306f16f3]" started-at="2023-11-30T11:56:08 IST" name="contectSection" finished-at="2023-11-30T11:56:08 IST" duration-ms="34" status="PASS">
          <reporter-output>
          </reporter-output>
        </test-method> <!-- contectSection -->
        <test-method is-config="true" signature="tearDown()[pri:0, instance:HomePageTest@306f16f3]" started-at="2023-11-30T11:56:08 IST" name="tearDown" finished-at="2023-11-30T11:56:09 IST" duration-ms="725" status="PASS">
          <reporter-output>
          </reporter-output>
        </test-method> <!-- tearDown -->
      </class> <!-- HomePageTest -->
      <class name="HeaderSectionTest">
        <test-method is-config="true" signature="setUp()[pri:0, instance:HeaderSectionTest@702b8b12]" started-at="2023-11-30T11:55:23 IST" name="setUp" finished-at="2023-11-30T11:55:41 IST" duration-ms="17924" status="PASS">
          <reporter-output>
          </reporter-output>
        </test-method> <!-- setUp -->
        <test-method signature="wibsiteLogo()[pri:1, instance:HeaderSectionTest@702b8b12]" started-at="2023-11-30T11:55:41 IST" name="wibsiteLogo" finished-at="2023-11-30T11:55:41 IST" duration-ms="530" status="PASS">
          <reporter-output>
          </reporter-output>
        </test-method> <!-- wibsiteLogo -->
        <test-method is-config="true" signature="tearDown()[pri:0, instance:HeaderSectionTest@702b8b12]" started-at="2023-11-30T11:55:41 IST" name="tearDown" finished-at="2023-11-30T11:55:48 IST" duration-ms="6538" status="PASS">
          <reporter-output>
          </reporter-output>
        </test-method> <!-- tearDown -->
        <test-method is-config="true" signature="setUp()[pri:0, instance:HeaderSectionTest@702b8b12]" started-at="2023-11-30T11:55:48 IST" name="setUp" finished-at="2023-11-30T11:55:58 IST" duration-ms="10655" status="PASS">
          <reporter-output>
          </reporter-output>
        </test-method> <!-- setUp -->
        <test-method signature="navBarHome()[pri:2, instance:HeaderSectionTest@702b8b12]" started-at="2023-11-30T11:55:58 IST" name="navBarHome" finished-at="2023-11-30T11:55:59 IST" duration-ms="195" status="PASS">
          <reporter-output>
          </reporter-output>
        </test-method> <!-- navBarHome -->
        <test-method is-config="true" signature="tearDown()[pri:0, instance:HeaderSectionTest@702b8b12]" started-at="2023-11-30T11:55:59 IST" name="tearDown" finished-at="2023-11-30T11:56:02 IST" duration-ms="3655" status="PASS">
          <reporter-output>
          </reporter-output>
        </test-method> <!-- tearDown -->
        <test-method is-config="true" signature="setUp()[pri:0, instance:HeaderSectionTest@702b8b12]" started-at="2023-11-30T11:56:02 IST" name="setUp" finished-at="2023-11-30T11:56:07 IST" duration-ms="4695" status="PASS">
          <reporter-output>
          </reporter-output>
        </test-method> <!-- setUp -->
        <test-method signature="navBarPopular()[pri:3, instance:HeaderSectionTest@702b8b12]" started-at="2023-11-30T11:56:07 IST" name="navBarPopular" finished-at="2023-11-30T11:56:08 IST" duration-ms="789" status="PASS">
          <reporter-output>
          </reporter-output>
        </test-method> <!-- navBarPopular -->
        <test-method is-config="true" signature="tearDown()[pri:0, instance:HeaderSectionTest@702b8b12]" started-at="2023-11-30T11:56:08 IST" name="tearDown" finished-at="2023-11-30T11:56:09 IST" duration-ms="1022" status="PASS">
          <reporter-output>
          </reporter-output>
        </test-method> <!-- tearDown -->
        <test-method is-config="true" signature="setUp()[pri:0, instance:HeaderSectionTest@702b8b12]" started-at="2023-11-30T11:56:09 IST" name="setUp" finished-at="2023-11-30T11:56:13 IST" duration-ms="4268" status="PASS">
          <reporter-output>
          </reporter-output>
        </test-method> <!-- setUp -->
        <test-method signature="homeSection()[pri:4, instance:HeaderSectionTest@702b8b12]" started-at="2023-11-30T11:56:13 IST" name="homeSection" finished-at="2023-11-30T11:56:14 IST" duration-ms="731" status="PASS">
          <reporter-output>
          </reporter-output>
        </test-method> <!-- homeSection -->
        <test-method is-config="true" signature="tearDown()[pri:0, instance:HeaderSectionTest@702b8b12]" started-at="2023-11-30T11:56:14 IST" name="tearDown" finished-at="2023-11-30T11:56:15 IST" duration-ms="1195" status="PASS">
          <reporter-output>
          </reporter-output>
        </test-method> <!-- tearDown -->
        <test-method is-config="true" signature="setUp()[pri:0, instance:HeaderSectionTest@702b8b12]" started-at="2023-11-30T11:56:15 IST" name="setUp" finished-at="2023-11-30T11:56:18 IST" duration-ms="3542" status="PASS">
          <reporter-output>
          </reporter-output>
        </test-method> <!-- setUp -->
        <test-method signature="PopularSection()[pri:6, instance:HeaderSectionTest@702b8b12]" started-at="2023-11-30T11:56:18 IST" name="PopularSection" finished-at="2023-11-30T11:56:19 IST" duration-ms="692" status="PASS">
          <reporter-output>
          </reporter-output>
        </test-method> <!-- PopularSection -->
        <test-method is-config="true" signature="tearDown()[pri:0, instance:HeaderSectionTest@702b8b12]" started-at="2023-11-30T11:56:19 IST" name="tearDown" finished-at="2023-11-30T11:56:20 IST" duration-ms="831" status="PASS">
          <reporter-output>
          </reporter-output>
        </test-method> <!-- tearDown -->
        <test-method is-config="true" signature="setUp()[pri:0, instance:HeaderSectionTest@702b8b12]" started-at="2023-11-30T11:56:20 IST" name="setUp" finished-at="2023-11-30T11:56:23 IST" duration-ms="3053" status="PASS">
          <reporter-output>
          </reporter-output>
        </test-method> <!-- setUp -->
        <test-method signature="accountSection()[pri:6, instance:HeaderSectionTest@702b8b12]" started-at="2023-11-30T11:56:23 IST" name="accountSection" finished-at="2023-11-30T11:56:24 IST" duration-ms="785" status="PASS">
          <reporter-output>
          </reporter-output>
        </test-method> <!-- accountSection -->
        <test-method is-config="true" signature="tearDown()[pri:0, instance:HeaderSectionTest@702b8b12]" started-at="2023-11-30T11:56:24 IST" name="tearDown" finished-at="2023-11-30T11:56:25 IST" duration-ms="733" status="PASS">
          <reporter-output>
          </reporter-output>
        </test-method> <!-- tearDown -->
      </class> <!-- HeaderSectionTest -->
    </test> <!-- MoviePageTest -->
  </suite> <!-- MovieAppTestSuite -->
</testng-results>
